2015-12-06 15:13:24 -- test--(1, 2, 3)
2015-12-06 15:14:12 -- test -- (1, 2, 3)
2015-12-06 15:14:13 -- test -- (1, 2, 3)
2015-12-06 15:30:44 -- feat -- <Sentence.Sentence instance at 0x7f3cb5475518>
2015-12-06 15:35:45 -- train -- <Sentence.Sentence instance at 0x7f277f2d8290>
2015-12-07 16:42:00 -- flaw -- <Sentence.Sentence instance at 0x7fa119a98b00>
2015-12-07 16:42:00 -- flaw -- <Sentence.Sentence instance at 0x7fa13022c878>
2015-12-07 16:45:10 -- flaw -- <Sentence.Sentence instance at 0x7fa119a98b00>
2015-12-07 16:45:10 -- flaw -- <Sentence.Sentence instance at 0x7fa13022c878>
2015-12-07 16:45:10 -- flaw -- <Sentence.Sentence instance at 0x7fa12c4e6488>
2015-12-07 16:45:10 -- flaw -- <Sentence.Sentence instance at 0x7fa12b091950>
2015-12-07 16:45:10 -- flaw -- <Sentence.Sentence instance at 0x7fa12b0c1ef0>
2015-12-07 16:45:10 -- flaw -- <Sentence.Sentence instance at 0x7fa12817ed40>
2015-12-07 16:45:10 -- flaw -- <Sentence.Sentence instance at 0x7fa12ab094d0>
2015-12-07 16:45:53 -- flaw -- <Sentence.Sentence instance at 0x7fa119a98b00>
2015-12-07 16:45:53 -- flaw -- <Sentence.Sentence instance at 0x7fa13022c878>
2015-12-07 16:45:53 -- flaw -- <Sentence.Sentence instance at 0x7fa12c4e6488>
2015-12-07 16:45:53 -- flaw -- <Sentence.Sentence instance at 0x7fa12b091950>
2015-12-07 16:45:53 -- flaw -- <Sentence.Sentence instance at 0x7fa12b0c1ef0>
2015-12-07 16:45:53 -- flaw -- <Sentence.Sentence instance at 0x7fa12817ed40>
2015-12-07 16:45:53 -- flaw -- <Sentence.Sentence instance at 0x7fa12ab094d0>
2015-12-07 16:46:41 -- flaw -- <Sentence.Sentence instance at 0x7fa119a98b00>
2015-12-07 16:46:41 -- flaw -- <Sentence.Sentence instance at 0x7fa13022c878>
2015-12-07 16:46:41 -- flaw -- <Sentence.Sentence instance at 0x7fa12c4e6488>
2015-12-07 16:46:41 -- flaw -- <Sentence.Sentence instance at 0x7fa12b091950>
2015-12-07 16:46:41 -- flaw -- <Sentence.Sentence instance at 0x7fa12b0c1ef0>
2015-12-07 16:46:41 -- flaw -- <Sentence.Sentence instance at 0x7fa12817ed40>
2015-12-07 16:46:41 -- flaw -- <Sentence.Sentence instance at 0x7fa12ab094d0>
2015-12-07 16:47:40 -- flaw -- <Sentence.Sentence instance at 0x7fa119a98b00>
2015-12-07 16:47:40 -- flaw -- <Sentence.Sentence instance at 0x7fa13022c878>
2015-12-07 16:47:40 -- flaw -- <Sentence.Sentence instance at 0x7fa12c4e6488>
2015-12-07 16:47:40 -- flaw -- <Sentence.Sentence instance at 0x7fa12b091950>
2015-12-07 16:47:40 -- flaw -- <Sentence.Sentence instance at 0x7fa12b0c1ef0>
2015-12-07 16:47:40 -- flaw -- <Sentence.Sentence instance at 0x7fa12817ed40>
2015-12-07 16:47:40 -- flaw -- <Sentence.Sentence instance at 0x7fa12ab094d0>
2015-12-07 16:47:52 -- flaw -- <Sentence.Sentence instance at 0x7fa119a98b00>
2015-12-07 16:47:52 -- flaw -- <Sentence.Sentence instance at 0x7fa13022c878>
2015-12-07 16:47:52 -- flaw -- <Sentence.Sentence instance at 0x7fa12c4e6488>
2015-12-07 16:47:52 -- flaw -- <Sentence.Sentence instance at 0x7fa12b091950>
2015-12-07 16:47:52 -- flaw -- <Sentence.Sentence instance at 0x7fa12b0c1ef0>
2015-12-07 16:47:52 -- flaw -- <Sentence.Sentence instance at 0x7fa12817ed40>
2015-12-07 16:47:52 -- flaw -- <Sentence.Sentence instance at 0x7fa12ab094d0>
2015-12-07 16:48:21 -- flaw -- <Sentence.Sentence instance at 0x7fa119a98b00>
2015-12-07 16:48:21 -- flaw -- <Sentence.Sentence instance at 0x7fa13022c878>
2015-12-07 16:48:21 -- flaw -- <Sentence.Sentence instance at 0x7fa12c4e6488>
2015-12-07 16:48:21 -- flaw -- <Sentence.Sentence instance at 0x7fa12b091950>
2015-12-07 16:48:21 -- flaw -- <Sentence.Sentence instance at 0x7fa12b0c1ef0>
2015-12-07 16:48:21 -- flaw -- <Sentence.Sentence instance at 0x7fa12817ed40>
2015-12-07 16:48:21 -- flaw -- <Sentence.Sentence instance at 0x7fa12ab094d0>
2015-12-07 16:48:44 -- flaw -- <Sentence.Sentence instance at 0x7fa119a98b00>
2015-12-07 16:48:44 -- flaw -- <Sentence.Sentence instance at 0x7fa13022c878>
2015-12-07 16:48:44 -- flaw -- <Sentence.Sentence instance at 0x7fa12c4e6488>
2015-12-07 16:48:44 -- flaw -- <Sentence.Sentence instance at 0x7fa12b091950>
2015-12-07 16:48:44 -- flaw -- <Sentence.Sentence instance at 0x7fa12b0c1ef0>
2015-12-07 16:48:44 -- flaw -- <Sentence.Sentence instance at 0x7fa12817ed40>
2015-12-07 16:48:44 -- flaw -- <Sentence.Sentence instance at 0x7fa12ab094d0>
2015-12-07 16:50:32 -- flaw -- <Sentence.Sentence instance at 0x7fa119a98b00>
2015-12-07 16:50:32 -- flaw -- <Sentence.Sentence instance at 0x7fa13022c878>
2015-12-07 16:50:32 -- flaw -- <Sentence.Sentence instance at 0x7fa12c4e6488>
2015-12-07 16:50:32 -- flaw -- <Sentence.Sentence instance at 0x7fa12b091950>
2015-12-07 16:50:32 -- flaw -- <Sentence.Sentence instance at 0x7fa12b0c1ef0>
2015-12-07 16:50:32 -- flaw -- <Sentence.Sentence instance at 0x7fa12817ed40>
2015-12-07 16:50:32 -- flaw -- <Sentence.Sentence instance at 0x7fa12ab094d0>
2015-12-07 16:53:46 -- flaw -- <Sentence.Sentence instance at 0x7fa119a98b00>
2015-12-07 16:53:46 -- flaw -- <Sentence.Sentence instance at 0x7fa13022c878>
2015-12-07 16:53:46 -- flaw -- <Sentence.Sentence instance at 0x7fa12c4e6488>
2015-12-07 16:53:46 -- flaw -- <Sentence.Sentence instance at 0x7fa12b091950>
2015-12-07 16:53:46 -- flaw -- <Sentence.Sentence instance at 0x7fa12b0c1ef0>
2015-12-07 16:53:46 -- flaw -- <Sentence.Sentence instance at 0x7fa12817ed40>
2015-12-07 16:53:46 -- flaw -- <Sentence.Sentence instance at 0x7fa12ab094d0>
2015-12-07 17:11:55 -- feat -- <Sentence.Sentence instance at 0x7fa1282f0908>
2015-12-07 17:17:25 -- flaw -- <Sentence.Sentence instance at 0x7fa119a98b00>
2015-12-07 17:17:25 -- flaw -- <Sentence.Sentence instance at 0x7fa13022c878>
2015-12-07 17:17:25 -- flaw -- <Sentence.Sentence instance at 0x7fa12c4e6488>
2015-12-07 17:17:25 -- flaw -- <Sentence.Sentence instance at 0x7fa12b091950>
2015-12-07 17:17:25 -- flaw -- <Sentence.Sentence instance at 0x7fa12b0c1ef0>
2015-12-07 17:17:25 -- flaw -- <Sentence.Sentence instance at 0x7fa12817ed40>
2015-12-07 17:17:25 -- flaw -- <Sentence.Sentence instance at 0x7fa12ab094d0>
2015-12-07 17:17:39 -- flaw -- <Sentence.Sentence instance at 0x7fa119a98b00>
2015-12-07 17:17:39 -- flaw -- <Sentence.Sentence instance at 0x7fa13022c878>
2015-12-07 17:17:39 -- flaw -- <Sentence.Sentence instance at 0x7fa12c4e6488>
2015-12-07 17:17:39 -- flaw -- <Sentence.Sentence instance at 0x7fa12b091950>
2015-12-07 17:17:39 -- flaw -- <Sentence.Sentence instance at 0x7fa12b0c1ef0>
2015-12-07 17:17:39 -- flaw -- <Sentence.Sentence instance at 0x7fa12817ed40>
2015-12-07 17:17:39 -- flaw -- <Sentence.Sentence instance at 0x7fa12ab094d0>
2015-12-07 17:24:29 -- flaw -- <Sentence.Sentence instance at 0x7fa119a98b00>
2015-12-07 17:24:29 -- flaw -- <Sentence.Sentence instance at 0x7fa13022c878>
2015-12-07 17:24:29 -- flaw -- <Sentence.Sentence instance at 0x7fa12c4e6488>
2015-12-07 17:24:29 -- flaw -- <Sentence.Sentence instance at 0x7fa12b091950>
2015-12-07 17:24:29 -- flaw -- <Sentence.Sentence instance at 0x7fa12b0c1ef0>
2015-12-07 17:24:29 -- flaw -- <Sentence.Sentence instance at 0x7fa12817ed40>
2015-12-07 17:24:29 -- flaw -- <Sentence.Sentence instance at 0x7fa12ab094d0>
2015-12-07 17:29:01 -- train -- <Sentence.Sentence instance at 0x7fa1282f0908>
2015-12-07 17:33:58 -- feat -- <Sentence.Sentence instance at 0x7fa12c156ea8>
2015-12-07 17:35:02 -- train -- <Sentence.Sentence instance at 0x7fa12c156a70>
2015-12-07 17:36:05 -- train -- <Sentence.Sentence instance at 0x7fa12bff8440>
2015-12-07 17:41:01 -- train -- <Sentence.Sentence instance at 0x7fe230d71290>
2015-12-07 17:41:01 -- train -- <Sentence.Sentence instance at 0x7fe23253ad40>
2015-12-07 17:41:01 -- train -- <Sentence.Sentence instance at 0x7fe2310589e0>
2015-12-07 17:41:01 -- train -- <Sentence.Sentence instance at 0x7fe231284e60>
2015-12-07 17:41:01 -- train -- <Sentence.Sentence instance at 0x7fe2310ceea8>
2015-12-07 17:41:01 -- train -- <Sentence.Sentence instance at 0x7fe231254c20>
2015-12-07 17:41:01 -- train -- <Sentence.Sentence instance at 0x7fe231ff2d40>
2015-12-07 17:41:01 -- train -- <Sentence.Sentence instance at 0x7fe230d98fc8>
2015-12-07 17:57:28 -- train<type 'exceptions.Exception'> -- <Sentence.Sentence instance at 0x7fe230d71290>
2015-12-07 17:57:29 -- train<type 'exceptions.Exception'> -- <Sentence.Sentence instance at 0x7fe23253ad40>
2015-12-07 17:57:29 -- train<type 'exceptions.Exception'> -- <Sentence.Sentence instance at 0x7fe2310589e0>
2015-12-07 17:57:30 -- train<type 'exceptions.Exception'> -- <Sentence.Sentence instance at 0x7fe231284e60>
2015-12-07 17:57:31 -- train<type 'exceptions.Exception'> -- <Sentence.Sentence instance at 0x7fe2310ceea8>
2015-12-07 17:57:31 -- train<type 'exceptions.Exception'> -- <Sentence.Sentence instance at 0x7fe231254c20>
2015-12-07 17:57:32 -- train<type 'exceptions.Exception'> -- <Sentence.Sentence instance at 0x7fe231ff2d40>
2015-12-07 17:57:33 -- train<type 'exceptions.Exception'> -- <Sentence.Sentence instance at 0x7fe230d98fc8>
2015-12-07 17:58:26 -- train<type 'exceptions.Exception'> -- <Sentence.Sentence instance at 0x7fe230d71290>
2015-12-07 17:58:27 -- train<type 'exceptions.Exception'> -- <Sentence.Sentence instance at 0x7fe23253ad40>
2015-12-07 17:58:27 -- train<type 'exceptions.Exception'> -- <Sentence.Sentence instance at 0x7fe2310589e0>
2015-12-07 17:58:28 -- train<type 'exceptions.Exception'> -- <Sentence.Sentence instance at 0x7fe231284e60>
2015-12-07 17:58:29 -- train<type 'exceptions.Exception'> -- <Sentence.Sentence instance at 0x7fe2310ceea8>
2015-12-07 17:58:29 -- train<type 'exceptions.Exception'> -- <Sentence.Sentence instance at 0x7fe231254c20>
2015-12-07 17:58:30 -- train<type 'exceptions.Exception'> -- <Sentence.Sentence instance at 0x7fe231ff2d40>
2015-12-07 17:58:31 -- train<type 'exceptions.Exception'> -- <Sentence.Sentence instance at 0x7fe230d98fc8>
2015-12-07 18:05:07 -- train -- <Sentence.Sentence instance at 0x7fe230d71290>
2015-12-07 18:05:08 -- train -- <Sentence.Sentence instance at 0x7fe23253ad40>
2015-12-07 18:05:08 -- train -- <Sentence.Sentence instance at 0x7fe2310589e0>
2015-12-07 18:05:09 -- train -- <Sentence.Sentence instance at 0x7fe231284e60>
2015-12-07 18:05:10 -- train -- <Sentence.Sentence instance at 0x7fe2310ceea8>
2015-12-07 18:05:10 -- train -- <Sentence.Sentence instance at 0x7fe231254c20>
2015-12-07 18:05:11 -- train -- <Sentence.Sentence instance at 0x7fe231ff2d40>
2015-12-07 18:05:12 -- train -- <Sentence.Sentence instance at 0x7fe230d98fc8>
2015-12-07 18:06:53 -- train -- <Sentence.Sentence instance at 0x7fe230d71290>
2015-12-07 18:06:53 -- train -- <Sentence.Sentence instance at 0x7fe23253ad40>
2015-12-07 18:06:54 -- train -- <Sentence.Sentence instance at 0x7fe2310589e0>
2015-12-07 18:06:54 -- train -- <Sentence.Sentence instance at 0x7fe231284e60>
2015-12-07 18:06:55 -- train -- <Sentence.Sentence instance at 0x7fe2310ceea8>
2015-12-07 18:06:56 -- train -- <Sentence.Sentence instance at 0x7fe231254c20>
2015-12-07 18:06:56 -- train -- <Sentence.Sentence instance at 0x7fe231ff2d40>
2015-12-07 18:06:58 -- train -- <Sentence.Sentence instance at 0x7fe230d98fc8>
2015-12-07 18:35:01 -- feat -- <Sentence.Sentence instance at 0x7fa746a72998>
2015-12-07 18:35:03 -- feat -- <Sentence.Sentence instance at 0x7fa7467893b0>
2015-12-07 18:35:54 -- flaw -- <Sentence.Sentence instance at 0x7fa7467893b0>
2015-12-07 18:36:00 -- flaw -- <Sentence.Sentence instance at 0x7fa7467893b0>
2015-12-07 18:36:05 -- train -- <Sentence.Sentence instance at 0x7fa746a72998>
2015-12-07 18:36:10 -- flaw -- <Sentence.Sentence instance at 0x7fa7467893b0>
2015-12-07 18:36:15 -- flaw -- <Sentence.Sentence instance at 0x7fa7467893b0>
2015-12-07 18:39:22 -- feat -- <Sentence.Sentence instance at 0x7fb459bff950>
2015-12-07 18:39:24 -- feat -- <Sentence.Sentence instance at 0x7fb459c30d88>
2015-12-07 18:40:10 -- flaw -- <Sentence.Sentence instance at 0x7fb459c2bd40>
2015-12-07 18:40:11 -- flaw -- <Sentence.Sentence instance at 0x7fb459c30f38>
2015-12-07 18:40:12 -- flaw -- <Sentence.Sentence instance at 0x7fb459c22098>
2015-12-07 18:40:13 -- flaw -- <Sentence.Sentence instance at 0x7fb459c16a28>
2015-12-07 18:40:13 -- flaw -- <Sentence.Sentence instance at 0x7fb459c32dd0>
2015-12-07 18:40:14 -- flaw -- <Sentence.Sentence instance at 0x7fb459c1c680>
2015-12-07 18:40:15 -- flaw -- <Sentence.Sentence instance at 0x7fb459c253b0>
2015-12-07 18:40:15 -- flaw -- <Sentence.Sentence instance at 0x7fb459c30d88>
2015-12-07 18:40:16 -- flaw -- <Sentence.Sentence instance at 0x7fb459c2bd40>
2015-12-07 18:40:17 -- flaw -- <Sentence.Sentence instance at 0x7fb459c30f38>
2015-12-07 18:40:17 -- flaw -- <Sentence.Sentence instance at 0x7fb459c22098>
2015-12-07 18:40:18 -- flaw -- <Sentence.Sentence instance at 0x7fb459c16a28>
2015-12-07 18:40:19 -- flaw -- <Sentence.Sentence instance at 0x7fb459c32dd0>
2015-12-07 18:40:20 -- flaw -- <Sentence.Sentence instance at 0x7fb459c1c680>
2015-12-07 18:40:21 -- flaw -- <Sentence.Sentence instance at 0x7fb459c253b0>
2015-12-07 18:40:21 -- flaw -- <Sentence.Sentence instance at 0x7fb459c30d88>
2015-12-07 18:40:26 -- train -- <Sentence.Sentence instance at 0x7fb459bff950>
2015-12-07 18:40:27 -- flaw -- <Sentence.Sentence instance at 0x7fb459c2bd40>
2015-12-07 18:40:27 -- flaw -- <Sentence.Sentence instance at 0x7fb459c30f38>
2015-12-07 18:40:28 -- flaw -- <Sentence.Sentence instance at 0x7fb459c22098>
2015-12-07 18:40:29 -- flaw -- <Sentence.Sentence instance at 0x7fb459c16a28>
2015-12-07 18:40:29 -- flaw -- <Sentence.Sentence instance at 0x7fb459c32dd0>
2015-12-07 18:40:30 -- flaw -- <Sentence.Sentence instance at 0x7fb459c1c680>
2015-12-07 18:40:31 -- flaw -- <Sentence.Sentence instance at 0x7fb459c253b0>
2015-12-07 18:40:31 -- flaw -- <Sentence.Sentence instance at 0x7fb459c30d88>
2015-12-07 18:40:32 -- flaw -- <Sentence.Sentence instance at 0x7fb459c2bd40>
2015-12-07 18:40:32 -- flaw -- <Sentence.Sentence instance at 0x7fb459c30f38>
2015-12-07 18:40:33 -- flaw -- <Sentence.Sentence instance at 0x7fb459c22098>
2015-12-07 18:40:34 -- flaw -- <Sentence.Sentence instance at 0x7fb459c16a28>
2015-12-07 18:40:35 -- flaw -- <Sentence.Sentence instance at 0x7fb459c32dd0>
2015-12-07 18:40:36 -- flaw -- <Sentence.Sentence instance at 0x7fb459c1c680>
2015-12-07 18:40:37 -- flaw -- <Sentence.Sentence instance at 0x7fb459c253b0>
2015-12-07 18:40:37 -- flaw -- <Sentence.Sentence instance at 0x7fb459c30d88>
2015-12-07 18:42:00 -- feat -- <Sentence.Sentence instance at 0x7fd330bc88c0>
2015-12-07 18:42:02 -- feat -- <Sentence.Sentence instance at 0x7fd330be25f0>
2015-12-07 18:42:53 -- flaw -- <Sentence.Sentence instance at 0x7fd330be25f0>
2015-12-07 18:42:59 -- flaw -- <Sentence.Sentence instance at 0x7fd330be25f0>
2015-12-07 18:43:04 -- train -- <Sentence.Sentence instance at 0x7fd330bc88c0>
2015-12-07 18:43:09 -- flaw -- <Sentence.Sentence instance at 0x7fd330be25f0>
2015-12-07 18:43:14 -- flaw -- <Sentence.Sentence instance at 0x7fd330be25f0>
2015-12-07 18:48:21 -- feat -- <Sentence.Sentence instance at 0x7f8390628368>
2015-12-07 18:48:27 -- feat -- <Sentence.Sentence instance at 0x7f839260f830>
2015-12-07 18:49:46 -- flaw -- <Sentence.Sentence instance at 0x7f839260f830>
2015-12-07 18:50:19 -- flaw -- <Sentence.Sentence instance at 0x7f839260f830>
2015-12-07 18:56:24 -- train -- <Sentence.Sentence instance at 0x7f8390879c20>
2015-12-07 19:01:22 -- train -- <Sentence.Sentence instance at 0x7f8390628368>
2015-12-07 19:01:55 -- flaw -- <Sentence.Sentence instance at 0x7f839260f830>
2015-12-07 19:02:29 -- flaw -- <Sentence.Sentence instance at 0x7f839260f830>
2015-12-07 19:11:54 -- feat -- <Sentence.Sentence instance at 0x7f07c9f5da70>
2015-12-07 19:11:55 -- feat -- <Sentence.Sentence instance at 0x7f07c9f7d7e8>
2015-12-07 19:12:41 -- flaw -- <Sentence.Sentence instance at 0x7f07c9f884d0>
2015-12-07 19:12:41 -- flaw -- <Sentence.Sentence instance at 0x7f07c9f7ec20>
2015-12-07 19:12:41 -- flaw -- <Sentence.Sentence instance at 0x7f07c9f78b48>
2015-12-07 19:12:41 -- flaw -- <Sentence.Sentence instance at 0x7f07c9f7d950>
2015-12-07 19:12:41 -- flaw -- <Sentence.Sentence instance at 0x7f07c9f7c878>
2015-12-07 19:12:41 -- flaw -- <Sentence.Sentence instance at 0x7f07c9f89758>
2015-12-07 19:12:41 -- flaw -- <Sentence.Sentence instance at 0x7f07c9f81ab8>
2015-12-07 19:12:41 -- flaw -- <Sentence.Sentence instance at 0x7f07c9f7d7e8>
2015-12-07 19:12:41 -- flaw -- <Sentence.Sentence instance at 0x7f07c9f884d0>
2015-12-07 19:12:41 -- flaw -- <Sentence.Sentence instance at 0x7f07c9f7ec20>
2015-12-07 19:12:41 -- flaw -- <Sentence.Sentence instance at 0x7f07c9f78b48>
2015-12-07 19:12:41 -- flaw -- <Sentence.Sentence instance at 0x7f07c9f7d950>
2015-12-07 19:12:41 -- flaw -- <Sentence.Sentence instance at 0x7f07c9f7c878>
2015-12-07 19:12:41 -- flaw -- <Sentence.Sentence instance at 0x7f07c9f89758>
2015-12-07 19:12:41 -- flaw -- <Sentence.Sentence instance at 0x7f07c9f81ab8>
2015-12-07 19:12:41 -- flaw -- <Sentence.Sentence instance at 0x7f07c9f7d7e8>
2015-12-07 19:12:41 -- train -- <Sentence.Sentence instance at 0x7f07c9f4cbd8>
2015-12-07 19:12:41 -- train -- <Sentence.Sentence instance at 0x7f07c9f4cb48>
2015-12-07 19:12:41 -- train -- <Sentence.Sentence instance at 0x7f07c9f56e18>
2015-12-07 19:12:41 -- train -- <Sentence.Sentence instance at 0x7f07c9f59c68>
2015-12-07 19:12:41 -- train -- <Sentence.Sentence instance at 0x7f07c9f4cd88>
2015-12-07 19:12:41 -- train -- <Sentence.Sentence instance at 0x7f07c9f4cc68>
2015-12-07 19:12:41 -- train -- <Sentence.Sentence instance at 0x7f07c9f4cf38>
2015-12-07 19:12:41 -- train -- <Sentence.Sentence instance at 0x7f07c9f58680>
2015-12-07 19:12:41 -- train -- <Sentence.Sentence instance at 0x7f07c9f5da70>
2015-12-07 19:12:41 -- flaw -- <Sentence.Sentence instance at 0x7f07c9f884d0>
2015-12-07 19:12:41 -- flaw -- <Sentence.Sentence instance at 0x7f07c9f7ec20>
2015-12-07 19:12:41 -- flaw -- <Sentence.Sentence instance at 0x7f07c9f78b48>
2015-12-07 19:12:41 -- flaw -- <Sentence.Sentence instance at 0x7f07c9f7d950>
2015-12-07 19:12:41 -- flaw -- <Sentence.Sentence instance at 0x7f07c9f7c878>
2015-12-07 19:12:41 -- flaw -- <Sentence.Sentence instance at 0x7f07c9f89758>
2015-12-07 19:12:41 -- flaw -- <Sentence.Sentence instance at 0x7f07c9f81ab8>
2015-12-07 19:12:41 -- flaw -- <Sentence.Sentence instance at 0x7f07c9f7d7e8>
2015-12-07 19:12:41 -- flaw -- <Sentence.Sentence instance at 0x7f07c9f884d0>
2015-12-07 19:12:41 -- flaw -- <Sentence.Sentence instance at 0x7f07c9f7ec20>
2015-12-07 19:12:41 -- flaw -- <Sentence.Sentence instance at 0x7f07c9f78b48>
2015-12-07 19:12:41 -- flaw -- <Sentence.Sentence instance at 0x7f07c9f7d950>
2015-12-07 19:12:41 -- flaw -- <Sentence.Sentence instance at 0x7f07c9f7c878>
2015-12-07 19:12:41 -- flaw -- <Sentence.Sentence instance at 0x7f07c9f89758>
2015-12-07 19:12:41 -- flaw -- <Sentence.Sentence instance at 0x7f07c9f81ab8>
2015-12-07 19:12:41 -- flaw -- <Sentence.Sentence instance at 0x7f07c9f7d7e8>
2015-12-07 19:22:54 -- feat -- <Sentence.Sentence instance at 0x7fb0e04539e0>
2015-12-07 19:23:00 -- feat -- <Sentence.Sentence instance at 0x7fb0e23eec20>
2015-12-07 19:24:21 -- flaw -- <Sentence.Sentence instance at 0x7fb0e23eec20>
2015-12-07 19:24:57 -- flaw -- <Sentence.Sentence instance at 0x7fb0e23eec20>
2015-12-07 19:31:13 -- train -- <Sentence.Sentence instance at 0x7fb0e0614cf8>
2015-12-07 19:36:16 -- train -- <Sentence.Sentence instance at 0x7fb0e04539e0>
2015-12-07 19:36:50 -- flaw -- <Sentence.Sentence instance at 0x7fb0e23eec20>
2015-12-07 19:37:26 -- flaw -- <Sentence.Sentence instance at 0x7fb0e23eec20>
2015-12-08 13:18:51 -- feat -- <Sentence.Sentence instance at 0x117833e60>
2015-12-08 13:18:51 -- feat -- <Sentence.Sentence instance at 0x106ffc638>
2015-12-08 13:20:51 -- feat -- <Sentence.Sentence instance at 0x115d134d0>
2015-12-08 13:20:51 -- feat -- <Sentence.Sentence instance at 0x115d13bd8>
2015-12-08 13:34:44 -- init_mul -- ('', [("[('This', 'Ne'), ('will', 'Ne'), (',', 'Ne'), ('if', 'Ne'), ('not', 'Ne'), ('already', 'Ne'), (',', 'Ne'), ('caused', 'Vform'), ('problems', 'Ne'), ('as', 'Ne'), ('there', 'Ne'), ('are', 'SVA'), ('very', 'Ne'), ('limited', 'Ne'), ('spaces', 'Nn'), ('for', 'Ne'), ('us', 'Ne'), ('.', 'Ne')]",)])
2015-12-08 13:34:44 -- init_mul -- ('', [("['-POSTAGSTART-', 'DT', 'MD', ',', 'IN', 'RB', 'RB', ',', 'VBN', 'NNS', 'IN', 'EX', 'VBP', 'RB', 'VBN', 'NNS', 'IN', 'PRP']",)])
2015-12-08 13:34:46 -- feat -- <Sentence.Sentence instance at 0x117884d88>
2015-12-08 13:34:46 -- feat -- <Sentence.Sentence instance at 0x117884d40>
2015-12-08 13:34:46 -- feat -- <Sentence.Sentence instance at 0x117884ef0>
2015-12-08 13:34:46 -- feat -- None
2015-12-08 13:34:46 -- feat -- None
2015-12-08 13:37:16 -- feat -- <Sentence.Sentence instance at 0x1071f0b00>
2015-12-08 13:37:16 -- feat -- <Sentence.Sentence instance at 0x1071ce908>
2015-12-08 13:37:29 -- feat -- <Sentence.Sentence instance at 0x117872ea8>
2015-12-08 13:37:29 -- feat -- <Sentence.Sentence instance at 0x117c1b200>
2015-12-08 14:01:12 -- init -- ('S This will , if not already , caused problems as there are very limited spaces for us .', [('A 7 8', 'Vform', 'cause', 'REQUIRED', '-NONE-', '0'), ('A 11 12', 'SVA', 'is', 'REQUIRED', '-NONE-', '0'), ('A 14 15', 'Nn', 'space', 'REQUIRED', '-NONE-', '0'), ('',)])
2015-12-08 14:02:11 -- init -- ('S This will , if not already , caused problems as there are very limited spaces for us .', [('A 7 8', 'Vform', 'cause', 'REQUIRED', '-NONE-', '0'), ('A 11 12', 'SVA', 'is', 'REQUIRED', '-NONE-', '0'), ('A 14 15', 'Nn', 'space', 'REQUIRED', '-NONE-', '0'), ('',)])
