== train and val on tiny ==
2015-12-08 14:51:02 -- ('SSE random weights, only Ne-tags', 8.0)
2015-12-08 14:51:03 -- ('SSE random weights', 23.0)
2015-12-08 14:51:05 -- ('after 9 sentences, only Ne-tags', 233.0)
2015-12-08 14:51:06 -- ('after 9 sentences', 233.0)
2015-12-08 14:51:06 -- total 53.412566 sec (loading: 4.033383, 46.921842; training: 0.697340
2015-12-08 15:24:48 -- ('SSE random weights, only Ne-tags', 137.0)
2015-12-08 15:24:52 -- ('SSE random weights', 142.0)
2015-12-08 15:25:28 -- ('after 9 sentences, only Ne-tags', 233.0)
2015-12-08 15:25:32 -- ('after 9 sentences', 230.0)
2015-12-08 15:25:32 -- total 92.549615 sec (loading: 0.000029, 52.158011; training: 31.653263
== train and val on pre-small ==
2015-12-08 15:44:06 -- ('SSE random weights, only Ne-tags', 197.0)
2015-12-08 15:44:53 -- ('SSE random weights', 221.0)
2015-12-08 17:05:42 -- ('after 306 sentences, only Ne-tags', 0.0)
2015-12-08 17:05:53 -- ('after 306 sentences', 39.0)
2015-12-08 17:05:53 -- total 5388.784817 sec (loading: 0.000025, 457.403210; training: 4838.944746
== failed train and val on pre ==
2015-12-09 00:20:50 -- ('SSE random weights, only Ne-tags', 282.0)
2015-12-09 00:21:20 -- ('SSE random weights', 296.0)
== trained pre-small, val on first 10 ==
2015-12-09 13:49:20 -- ('after 306 sentences, only Ne-tags', 0.0)
2015-12-09 13:45:15 -- ('after 306 sentences', 33.0)
== things ==
2015-12-10 21:40:40 -- ('SSE random weights, only Ne-tags', 0.0)
2015-12-10 21:40:40 -- ('SSE random weights', 0.0)
2015-12-10 21:44:08 -- ('SSE random weights, only Ne-tags', 0.0)
2015-12-10 21:44:08 -- ('SSE random weights', 0.0)
2015-12-10 21:44:08 -- ('after 1 sentences, only Ne-tags', 0.0)
2015-12-10 21:44:08 -- ('after 1 sentences', 0.0)
2015-12-10 21:44:08 -- total 73.864911 sec (loading: 0.000015, 73.858899; training: 0.004657
2015-12-18 14:09:41 -- ('SSE random weights, only Ne-tags', 0.0)
2015-12-18 14:09:41 -- ('SSE random weights', 0.0)
2015-12-18 14:09:43 -- ('after 3 sentences, only Ne-tags', 0.0)
2015-12-18 14:09:43 -- ('after 3 sentences', 0.0)
2015-12-18 14:09:43 -- total 3.428561 sec (loading: 0.000018, 0.933250; training: 2.461214
2015-12-18 14:12:22 -- ('SSE random weights, only Ne-tags', 0.0)
2015-12-18 14:12:22 -- ('SSE random weights', 0.0)
2015-12-18 14:12:24 -- ('after 3 sentences, only Ne-tags', 0.0)
2015-12-18 14:12:24 -- ('after 3 sentences', 0.0)
2015-12-18 14:12:24 -- total 2.651202 sec (loading: 0.000022, 0.154139; training: 2.490356
2015-12-18 14:14:37 -- ('SSE random weights, only Ne-tags', 0.0)
2015-12-18 14:14:37 -- ('SSE random weights', 0.0)
2015-12-18 14:14:39 -- ('after 3 sentences, only Ne-tags', 0.0)
2015-12-18 14:14:39 -- ('after 3 sentences', 0.0)
2015-12-18 14:14:39 -- total 2.720202 sec (loading: 0.000017, 0.148077; training: 2.564233
2015-12-18 14:15:54 -- ('SSE random weights, only Ne-tags', 0.0)
2015-12-18 14:15:54 -- ('SSE random weights', 0.0)
2015-12-18 14:15:57 -- ('after 3 sentences, only Ne-tags', 0.0)
2015-12-18 14:15:57 -- ('after 3 sentences', 0.0)
2015-12-18 14:15:57 -- total 2.708448 sec (loading: 0.000021, 0.150391; training: 2.549551
2015-12-18 14:16:29 -- ('SSE random weights, only Ne-tags', 0.0)
2015-12-18 14:16:29 -- ('SSE random weights', 0.0)
2015-12-18 14:16:31 -- ('after 3 sentences, only Ne-tags', 0.0)
2015-12-18 14:16:31 -- ('after 3 sentences', 0.0)
2015-12-18 14:16:31 -- total 2.688846 sec (loading: 0.000016, 0.153178; training: 2.529235
2015-12-18 14:17:22 -- ('SSE random weights, only Ne-tags', 0.0)
2015-12-18 14:17:22 -- ('SSE random weights', 0.0)
2015-12-18 14:17:24 -- ('after 3 sentences, only Ne-tags', 0.0)
2015-12-18 14:17:24 -- ('after 3 sentences', 0.0)
2015-12-18 14:17:24 -- total 2.716220 sec (loading: 0.000016, 0.155569; training: 2.554040
2015-12-18 14:17:56 -- ('SSE random weights, only Ne-tags', 0.0)
2015-12-18 14:17:56 -- ('SSE random weights', 0.0)
2015-12-18 14:17:58 -- ('after 3 sentences, only Ne-tags', 0.0)
2015-12-18 14:17:58 -- ('after 3 sentences', 0.0)
2015-12-18 14:17:58 -- total 2.700094 sec (loading: 0.000016, 0.149356; training: 2.543797
2015-12-18 14:18:27 -- ('SSE random weights, only Ne-tags', 0.0)
2015-12-18 14:18:27 -- ('SSE random weights', 0.0)
2015-12-18 14:18:29 -- ('after 3 sentences, only Ne-tags', 0.0)
2015-12-18 14:18:29 -- ('after 3 sentences', 0.0)
2015-12-18 14:18:29 -- total 2.654105 sec (loading: 0.000009, 0.151072; training: 2.495473
2015-12-18 14:18:46 -- ('SSE random weights, only Ne-tags', 0.0)
2015-12-18 14:18:46 -- ('SSE random weights', 0.0)
2015-12-18 14:18:49 -- ('after 3 sentences, only Ne-tags', 0.0)
2015-12-18 14:18:49 -- ('after 3 sentences', 0.0)
2015-12-18 14:18:49 -- total 2.736480 sec (loading: 0.000017, 0.149906; training: 2.579394
2015-12-18 14:19:45 -- ('SSE random weights, only Ne-tags', 0.0)
2015-12-18 14:19:45 -- ('SSE random weights', 0.0)
2015-12-18 14:19:48 -- ('after 3 sentences, only Ne-tags', 0.0)
2015-12-18 14:19:48 -- ('after 3 sentences', 0.0)
2015-12-18 14:19:48 -- total 2.953307 sec (loading: 0.000022, 0.158665; training: 2.784604
2015-12-18 14:23:18 -- ('SSE random weights, only Ne-tags', 0.0)
2015-12-18 14:23:18 -- ('SSE random weights', 0.0)
2015-12-18 14:23:25 -- ('after 3 sentences, only Ne-tags', 0.0)
2015-12-18 14:23:25 -- ('after 3 sentences', 0.0)
2015-12-18 14:23:25 -- total 7.188240 sec (loading: 0.000023, 0.203431; training: 6.976865
2015-12-18 14:34:29 -- ('SSE random weights, only Ne-tags', 0.0)
2015-12-18 14:34:29 -- ('SSE random weights', 0.0)
2015-12-18 14:34:36 -- ('after 3 sentences, only Ne-tags', 0.0)
2015-12-18 14:34:36 -- ('after 3 sentences', 0.0)
2015-12-18 14:34:36 -- total 7.048924 sec (loading: 0.000009, 0.193099; training: 6.848165
2015-12-18 14:36:13 -- ('SSE random weights, only Ne-tags', 0.0)
2015-12-18 14:36:13 -- ('SSE random weights', 0.0)
2015-12-18 14:36:50 -- ('SSE random weights, only Ne-tags', 0.0)
2015-12-18 14:36:50 -- ('SSE random weights', 0.0)
2015-12-18 14:37:10 -- ('SSE random weights, only Ne-tags', 0.0)
2015-12-18 14:37:10 -- ('SSE random weights', 0.0)
2015-12-18 14:37:21 -- ('after 3 sentences, only Ne-tags', 0.0)
2015-12-18 14:37:21 -- ('after 3 sentences', 0.0)
2015-12-18 14:37:21 -- total 11.757577 sec (loading: 0.000020, 0.209538; training: 11.541488
2015-12-18 14:39:00 -- ('SSE random weights, only Ne-tags', 0.0)
2015-12-18 14:39:00 -- ('SSE random weights', 0.0)
2015-12-18 14:39:11 -- ('after 3 sentences, only Ne-tags', 0.0)
2015-12-18 14:39:11 -- ('after 3 sentences', 0.0)
2015-12-18 14:39:11 -- total 11.746143 sec (loading: 0.000010, 0.203093; training: 11.535322
2015-12-18 14:40:51 -- ('SSE random weights, only Ne-tags', 0.0)
2015-12-18 14:40:51 -- ('SSE random weights', 0.0)
2015-12-18 14:40:58 -- ('after 3 sentences, only Ne-tags', 0.0)
2015-12-18 14:40:58 -- ('after 3 sentences', 0.0)
2015-12-18 14:40:58 -- total 7.114350 sec (loading: 0.000010, 0.200821; training: 6.906128
2015-12-18 14:44:05 -- ('SSE random weights, only Ne-tags', 0.0)
2015-12-18 14:44:05 -- ('SSE random weights', 0.0)
2015-12-18 14:44:16 -- ('after 3 sentences, only Ne-tags', 0.0)
2015-12-18 14:44:16 -- ('after 3 sentences', 0.0)
2015-12-18 14:44:16 -- total 10.923967 sec (loading: 0.000017, 0.265922; training: 10.644478
2015-12-18 14:50:20 -- ('SSE random weights, only Ne-tags', 0.0)
2015-12-18 14:50:20 -- ('SSE random weights', 0.0)
2015-12-18 14:51:06 -- ('after 3 sentences, only Ne-tags', 0.0)
2015-12-18 14:51:06 -- ('after 3 sentences', 0.0)
2015-12-18 14:51:06 -- total 46.764669 sec (loading: 0.000016, 0.198669; training: 46.557904
2015-12-18 14:51:45 -- ('SSE random weights, only Ne-tags', 0.0)
2015-12-18 14:51:45 -- ('SSE random weights', 0.0)
2015-12-18 14:51:46 -- ('after 3 sentences, only Ne-tags', 0.0)
2015-12-18 14:51:46 -- ('after 3 sentences', 0.0)
2015-12-18 14:51:46 -- total 0.827368 sec (loading: 0.000018, 0.168690; training: 0.650669
2015-12-18 14:52:42 -- ('SSE random weights, only Ne-tags', 0.0)
2015-12-18 14:52:42 -- ('SSE random weights', 0.0)
2015-12-18 14:52:43 -- ('after 3 sentences, only Ne-tags', 0.0)
2015-12-18 14:52:43 -- ('after 3 sentences', 0.0)
2015-12-18 14:52:43 -- total 0.827564 sec (loading: 0.000016, 0.170049; training: 0.651294
2015-12-18 14:55:17 -- ('SSE random weights, only Ne-tags', 0.0)
2015-12-18 14:55:17 -- ('SSE random weights', 0.0)
2015-12-18 14:55:17 -- ('after 3 sentences, only Ne-tags', 0.0)
2015-12-18 14:55:17 -- ('after 3 sentences', 0.0)
2015-12-18 14:55:17 -- total 0.997521 sec (loading: 0.000021, 0.165665; training: 0.821044
2015-12-18 14:59:26 -- ('SSE random weights, only Ne-tags', 0.0)
2015-12-18 14:59:26 -- ('SSE random weights', 0.0)
2015-12-18 14:59:27 -- ('after 3 sentences, only Ne-tags', 0.0)
2015-12-18 14:59:27 -- ('after 3 sentences', 0.0)
2015-12-18 14:59:27 -- total 1.293368 sec (loading: 0.000025, 0.160551; training: 1.124183
2015-12-18 15:03:00 -- ('SSE random weights, only Ne-tags', 0.0)
2015-12-18 15:03:00 -- ('SSE random weights', 0.0)
2015-12-18 15:03:02 -- ('after 3 sentences, only Ne-tags', 0.0)
2015-12-18 15:03:02 -- ('after 3 sentences', 0.0)
2015-12-18 15:03:02 -- total 1.280030 sec (loading: 0.000016, 0.168465; training: 1.103277
2015-12-18 15:04:17 -- ('SSE random weights, only Ne-tags', 0.0)
2015-12-18 15:04:17 -- ('SSE random weights', 0.0)
2015-12-18 15:04:18 -- ('after 3 sentences, only Ne-tags', 0.0)
2015-12-18 15:04:18 -- ('after 3 sentences', 0.0)
2015-12-18 15:04:18 -- total 1.324217 sec (loading: 0.000014, 0.169693; training: 1.144687
2015-12-18 15:06:33 -- ('SSE random weights, only Ne-tags', 0.0)
2015-12-18 15:06:33 -- ('SSE random weights', 0.0)
2015-12-18 15:06:34 -- ('after 3 sentences, only Ne-tags', 0.0)
2015-12-18 15:06:34 -- ('after 3 sentences', 0.0)
2015-12-18 15:06:34 -- total 1.456401 sec (loading: 0.000009, 0.171438; training: 1.278143
2015-12-18 15:10:10 -- ('SSE random weights, only Ne-tags', 0.0)
2015-12-18 15:10:10 -- ('SSE random weights', 0.0)
2015-12-18 15:10:11 -- ('after 3 sentences, only Ne-tags', 0.0)
2015-12-18 15:10:11 -- ('after 3 sentences', 0.0)
2015-12-18 15:10:11 -- total 1.292618 sec (loading: 0.000022, 0.166467; training: 1.118440
2015-12-18 15:11:10 -- ('SSE random weights, only Ne-tags', 0.0)
2015-12-18 15:11:10 -- ('SSE random weights', 0.0)
2015-12-18 15:11:11 -- ('after 3 sentences, only Ne-tags', 0.0)
2015-12-18 15:11:11 -- ('after 3 sentences', 0.0)
2015-12-18 15:11:11 -- total 1.320232 sec (loading: 0.000010, 0.163880; training: 1.149354
2015-12-18 15:13:18 -- ('SSE random weights, only Ne-tags', 0.0)
2015-12-18 15:13:18 -- ('SSE random weights', 0.0)
2015-12-18 15:13:19 -- ('after 3 sentences, only Ne-tags', 0.0)
2015-12-18 15:13:19 -- ('after 3 sentences', 0.0)
2015-12-18 15:13:19 -- total 1.339312 sec (loading: 0.000019, 0.176704; training: 1.156391
2015-12-18 15:14:20 -- ('SSE random weights, only Ne-tags', 0.0)
2015-12-18 15:14:20 -- ('SSE random weights', 0.0)
2015-12-18 15:14:21 -- ('after 3 sentences, only Ne-tags', 0.0)
2015-12-18 15:14:21 -- ('after 3 sentences', 0.0)
2015-12-18 15:14:21 -- total 1.274937 sec (loading: 0.000011, 0.164926; training: 1.101503
2015-12-18 15:14:36 -- ('SSE random weights, only Ne-tags', 0.0)
2015-12-18 15:14:36 -- ('SSE random weights', 0.0)
2015-12-18 15:14:37 -- ('after 3 sentences, only Ne-tags', 0.0)
2015-12-18 15:14:37 -- ('after 3 sentences', 0.0)
2015-12-18 15:14:37 -- total 1.034261 sec (loading: 0.000014, 0.164988; training: 0.861805
2015-12-18 15:15:57 -- ('SSE random weights, only Ne-tags', 0.0)
2015-12-18 15:15:57 -- ('SSE random weights', 0.0)
2015-12-18 15:15:58 -- ('after 3 sentences, only Ne-tags', 0.0)
2015-12-18 15:15:58 -- ('after 3 sentences', 0.0)
2015-12-18 15:15:58 -- total 0.292661 sec (loading: 0.000023, 0.177167; training: 0.107306
2015-12-18 15:16:19 -- ('SSE random weights, only Ne-tags', 0.0)
2015-12-18 15:16:19 -- ('SSE random weights', 0.0)
2015-12-18 15:16:29 -- ('after 3 sentences, only Ne-tags', 0.0)
2015-12-18 15:16:29 -- ('after 3 sentences', 0.0)
2015-12-18 15:16:29 -- total 9.887852 sec (loading: 0.000021, 0.203979; training: 9.676755
2015-12-18 15:16:47 -- ('SSE random weights, only Ne-tags', 0.0)
2015-12-18 15:16:47 -- ('SSE random weights', 0.0)
2015-12-18 15:16:53 -- ('after 3 sentences, only Ne-tags', 0.0)
2015-12-18 15:16:53 -- ('after 3 sentences', 0.0)
2015-12-18 15:16:53 -- total 6.512042 sec (loading: 0.000016, 0.200886; training: 6.304698
2015-12-18 15:18:03 -- ('SSE random weights, only Ne-tags', 0.0)
2015-12-18 15:18:03 -- ('SSE random weights', 0.0)
2015-12-18 15:18:09 -- ('after 3 sentences, only Ne-tags', 0.0)
2015-12-18 15:18:10 -- ('after 3 sentences', 0.0)
2015-12-18 15:18:10 -- total 7.478103 sec (loading: 0.000018, 1.105656; training: 6.166689
2015-12-18 15:19:18 -- ('SSE random weights, only Ne-tags', 0.0)
2015-12-18 15:19:18 -- ('SSE random weights', 0.0)
2015-12-18 15:29:02 -- ('after 46 sentences, only Ne-tags', 0.0)
2015-12-18 15:29:02 -- ('after 46 sentences', 0.0)
2015-12-18 15:29:02 -- total 587.575353 sec (loading: 0.000022, 3.149141; training: 584.2990092015-12-18 16:28:13 -- (0, ['WOinc'], 'Ne')
2015-12-18 16:28:13 -- (1, ['Ne'], 'Ne')
2015-12-18 16:28:13 -- (2, ['Ne'], 'Ne')
2015-12-18 16:28:13 -- (3, ['Ne'], 'Ne')
2015-12-18 16:28:13 -- (4, ['Ne'], 'Ne')
2015-12-18 16:28:13 -- (5, ['Ne'], 'Ne')
2015-12-18 16:28:13 -- (6, ['Ne'], 'Ne')
2015-12-18 16:28:13 -- (7, ['Ne'], 'Ne')
2015-12-18 16:28:13 -- (8, ['Ne'], 'Ne')
2015-12-18 16:28:13 -- (9, ['Ne'], 'Ne')
2015-12-18 16:28:13 -- (10, ['Ne'], 'Ne')
2015-12-18 16:28:13 -- (11, ['Ne'], 'Ne')
2015-12-18 16:28:13 -- (12, ['Ne'], 'Ne')
2015-12-18 16:28:13 -- (13, ['Ne'], 'Ne')
2015-12-18 16:28:13 -- (14, ['Ne'], 'Ne')
2015-12-18 16:28:13 -- (15, ['Ne'], 'Ne')
2015-12-18 16:28:13 -- (16, ['Ne'], 'Ne')
2015-12-18 16:28:13 -- (17, ['Ne'], 'Ne')
2015-12-18 16:28:13 -- (18, ['Ne'], 'Ne')
2015-12-18 16:28:13 -- (19, ['Ne'], 'Ne')
2015-12-18 16:28:14 -- (0, ['WOinc'], 'Ne')
2015-12-18 16:28:14 -- (1, ['Ne'], 'Ne')
2015-12-18 16:28:14 -- (2, ['Ne'], 'Ne')
2015-12-18 16:28:14 -- (3, ['Ne'], 'Ne')
2015-12-18 16:28:14 -- (4, ['Ne'], 'Ne')
2015-12-18 16:28:14 -- (5, ['Ne'], 'Ne')
2015-12-18 16:28:14 -- (6, ['Ne'], 'Ne')
2015-12-18 16:28:14 -- (7, ['Ne'], 'Ne')
2015-12-18 16:28:14 -- (8, ['Ne'], 'Ne')
2015-12-18 16:28:14 -- (9, ['Ne'], 'Ne')
2015-12-18 16:28:14 -- (10, ['Ne'], 'Ne')
2015-12-18 16:28:14 -- ('SSE random weights, only Ne-tags', 2.0)
2015-12-18 16:30:35 -- (0, ['WOinc'], 'Ne')
2015-12-18 16:30:35 -- (1, ['Ne'], 'Ne')
2015-12-18 16:30:35 -- (2, ['Ne'], 'Ne')
2015-12-18 16:30:35 -- (3, ['Ne'], 'Ne')
2015-12-18 16:30:35 -- (4, ['Ne'], 'Ne')
2015-12-18 16:30:35 -- (5, ['Ne'], 'Ne')
2015-12-18 16:30:35 -- (6, ['Ne'], 'Ne')
2015-12-18 16:30:35 -- (7, ['Ne'], 'Ne')
2015-12-18 16:30:35 -- (8, ['Ne'], 'Ne')
2015-12-18 16:30:35 -- (9, ['Ne'], 'Ne')
2015-12-18 16:30:35 -- (10, ['Ne'], 'Ne')
2015-12-18 16:30:35 -- (11, ['Ne'], 'Ne')
2015-12-18 16:30:35 -- (12, ['Ne'], 'Ne')
2015-12-18 16:30:35 -- (13, ['Ne'], 'Ne')
2015-12-18 16:30:35 -- (14, ['Ne'], 'Ne')
2015-12-18 16:30:35 -- (15, ['Ne'], 'Ne')
2015-12-18 16:30:35 -- (16, ['Ne'], 'Ne')
2015-12-18 16:30:35 -- (17, ['Ne'], 'Ne')
2015-12-18 16:30:35 -- (18, ['Ne'], 'Ne')
2015-12-18 16:30:35 -- (19, ['Ne'], 'Ne')
2015-12-18 16:30:36 -- (0, ['WOinc'], 'Ne')
2015-12-18 16:30:36 -- (1, ['Ne'], 'Ne')
2015-12-18 16:30:36 -- (2, ['Ne'], 'Ne')
2015-12-18 16:30:36 -- (3, ['Ne'], 'Ne')
2015-12-18 16:30:36 -- (4, ['Ne'], 'Ne')
2015-12-18 16:30:36 -- (5, ['Ne'], 'Ne')
2015-12-18 16:30:36 -- (6, ['Ne'], 'Ne')
2015-12-18 16:30:36 -- (7, ['Ne'], 'Ne')
2015-12-18 16:30:36 -- (8, ['Ne'], 'Ne')
2015-12-18 16:30:36 -- (9, ['Ne'], 'Ne')
2015-12-18 16:30:36 -- (10, ['Ne'], 'Ne')
2015-12-18 16:30:36 -- ('SSE random weights, only Ne-tags', 2.0)
2015-12-18 16:30:37 -- (0, ['WOinc'], 'Ne')
2015-12-18 16:30:37 -- (1, ['Ne'], 'Ne')
2015-12-18 16:30:37 -- (2, ['Ne'], 'Ne')
2015-12-18 16:30:37 -- (3, ['Ne'], 'Ne')
2015-12-18 16:30:37 -- (4, ['Ne'], 'Ne')
2015-12-18 16:30:37 -- (5, ['Ne'], 'Ne')
2015-12-18 16:30:37 -- (6, ['Ne'], 'Ne')
2015-12-18 16:30:37 -- (7, ['Ne'], 'Ne')
2015-12-18 16:30:37 -- (8, ['Ne'], 'Ne')
2015-12-18 16:30:37 -- (9, ['Ne'], 'Ne')
2015-12-18 16:30:37 -- (10, ['Ne'], 'Ne')
2015-12-18 16:30:37 -- (11, ['Ne'], 'Ne')
2015-12-18 16:30:37 -- (12, ['Ne'], 'Ne')
2015-12-18 16:30:37 -- (13, ['Ne'], 'Ne')
2015-12-18 16:30:37 -- (14, ['Ne'], 'Ne')
2015-12-18 16:30:37 -- (15, ['Ne'], 'Ne')
2015-12-18 16:30:37 -- (16, ['Ne'], 'Ne')
2015-12-18 16:30:37 -- (17, ['Ne'], 'Ne')
2015-12-18 16:30:37 -- (18, ['Ne'], 'Ne')
2015-12-18 16:30:37 -- (19, ['Ne'], 'Ne')
2015-12-18 16:30:38 -- (0, ['WOinc'], 'SVA')
2015-12-18 16:30:38 -- (1, ['Ne'], 'Ne')
2015-12-18 16:30:38 -- (2, ['Ne'], 'Ne')
2015-12-18 16:30:38 -- (3, ['Ne'], 'Wci')
2015-12-18 16:30:38 -- (4, ['Ne'], 'Ne')
2015-12-18 16:30:38 -- (5, ['Ne'], 'Ne')
2015-12-18 16:30:38 -- (6, ['Ne'], 'Ne')
2015-12-18 16:30:38 -- (7, ['Ne'], 'Ne')
2015-12-18 16:30:38 -- (8, ['Ne'], 'Ne')
2015-12-18 16:30:38 -- (9, ['Ne'], 'Ne')
2015-12-18 16:30:38 -- (10, ['Ne'], 'Ne')
2015-12-18 16:30:38 -- ('SSE random weights', 3.0)
2015-12-18 16:30:45 -- (0, ['Ne'], 'Ne')
2015-12-18 16:30:45 -- (1, ['Ne'], 'Ne')
2015-12-18 16:30:45 -- (2, ['Ne'], 'Ne')
2015-12-18 16:30:45 -- (3, ['Ne'], 'Ne')
2015-12-18 16:30:45 -- (4, ['Ne'], 'Ne')
2015-12-18 16:30:45 -- (5, ['Ne'], 'Ne')
2015-12-18 16:30:45 -- (6, ['Ne'], 'Ne')
2015-12-18 16:30:45 -- (7, ['Ne'], 'Ne')
2015-12-18 16:30:45 -- (8, ['Ne'], 'Ne')
2015-12-18 16:30:45 -- (9, ['Ne'], 'Ne')
2015-12-18 16:30:45 -- (10, ['Ne'], 'Ne')
2015-12-18 16:30:45 -- (11, ['Ne'], 'Ne')
2015-12-18 16:30:45 -- (12, ['Ne'], 'Ne')
2015-12-18 16:30:45 -- (13, ['Ne'], 'Ne')
2015-12-18 16:30:45 -- (14, ['Ne'], 'Ne')
2015-12-18 16:30:45 -- (15, ['Ne'], 'Ne')
2015-12-18 16:30:45 -- (16, ['Ne'], 'Ne')
2015-12-18 16:30:45 -- (17, ['Ne'], 'Ne')
2015-12-18 16:30:45 -- (18, ['Ne'], 'Ne')
2015-12-18 16:30:45 -- (19, ['Ne'], 'Ne')
2015-12-18 16:30:46 -- (0, ['Ne'], 'Ne')
2015-12-18 16:30:46 -- (1, ['Ne'], 'Ne')
2015-12-18 16:30:46 -- (2, ['Ne'], 'Ne')
2015-12-18 16:30:46 -- (3, ['Ne'], 'Ne')
2015-12-18 16:30:46 -- (4, ['Ne'], 'Ne')
2015-12-18 16:30:46 -- (5, ['Ne'], 'Ne')
2015-12-18 16:30:46 -- (6, ['Ne'], 'Ne')
2015-12-18 16:30:46 -- (7, ['Ne'], 'Ne')
2015-12-18 16:30:46 -- (8, ['Ne'], 'Ne')
2015-12-18 16:30:46 -- (9, ['Ne'], 'Ne')
2015-12-18 16:30:46 -- (10, ['Ne'], 'Ne')
2015-12-18 16:30:46 -- ('after 3 sentences, only Ne-tags', 0.0)
2015-12-18 16:30:47 -- (0, ['Ne'], 'Ne')
2015-12-18 16:30:47 -- (1, ['Ne'], 'Ne')
2015-12-18 16:30:47 -- (2, ['Ne'], 'Ne')
2015-12-18 16:30:47 -- (3, ['Ne'], 'Ne')
2015-12-18 16:30:47 -- (4, ['Ne'], 'Ne')
2015-12-18 16:30:47 -- (5, ['Ne'], 'Ne')
2015-12-18 16:30:47 -- (6, ['Ne'], 'Ne')
2015-12-18 16:30:47 -- (7, ['Ne'], 'Ne')
2015-12-18 16:30:47 -- (8, ['Ne'], 'Ne')
2015-12-18 16:30:47 -- (9, ['Ne'], 'Ne')
2015-12-18 16:30:47 -- (10, ['Ne'], 'Ne')
2015-12-18 16:30:47 -- (11, ['Ne'], 'Ne')
2015-12-18 16:30:47 -- (12, ['Ne'], 'Ne')
2015-12-18 16:30:47 -- (13, ['Ne'], 'Ne')
2015-12-18 16:30:47 -- (14, ['Ne'], 'Ne')
2015-12-18 16:30:47 -- (15, ['Ne'], 'Ne')
2015-12-18 16:30:47 -- (16, ['Ne'], 'Ne')
2015-12-18 16:30:47 -- (17, ['Ne'], 'Ne')
2015-12-18 16:30:47 -- (18, ['Ne'], 'Ne')
2015-12-18 16:30:47 -- (19, ['Ne'], 'Ne')
2015-12-18 16:30:48 -- (0, ['Ne'], 'SVA')
2015-12-18 16:30:48 -- (1, ['Ne'], 'Ne')
2015-12-18 16:30:48 -- (2, ['Ne'], 'Ne')
2015-12-18 16:30:48 -- (3, ['Ne'], 'Wci')
2015-12-18 16:30:48 -- (4, ['Ne'], 'Ne')
2015-12-18 16:30:48 -- (5, ['Ne'], 'Ne')
2015-12-18 16:30:48 -- (6, ['Ne'], 'Ne')
2015-12-18 16:30:48 -- (7, ['Ne'], 'Ne')
2015-12-18 16:30:48 -- (8, ['Ne'], 'Ne')
2015-12-18 16:30:48 -- (9, ['Ne'], 'Ne')
2015-12-18 16:30:48 -- (10, ['Ne'], 'Ne')
2015-12-18 16:30:48 -- ('after 3 sentences', 2.0)
2015-12-18 16:30:48 -- total 10.091965 sec (loading: 0.000019, 0.186466; training: 5.026557
2015-12-18 16:32:08 -- (0, ['WOinc'], 'Ne')
2015-12-18 16:32:08 -- (1, ['Ne'], 'Ne')
2015-12-18 16:32:08 -- (2, ['Ne'], 'Ne')
2015-12-18 16:32:08 -- (3, ['Ne'], 'Ne')
2015-12-18 16:32:08 -- (4, ['Ne'], 'Ne')
2015-12-18 16:32:08 -- (5, ['Ne'], 'Ne')
2015-12-18 16:32:08 -- (6, ['Ne'], 'Ne')
2015-12-18 16:32:08 -- (7, ['Ne'], 'Ne')
2015-12-18 16:32:08 -- (8, ['Ne'], 'Ne')
2015-12-18 16:32:08 -- (9, ['Ne'], 'Ne')
2015-12-18 16:32:08 -- (10, ['Ne'], 'Ne')
2015-12-18 16:32:08 -- (11, ['Ne'], 'Ne')
2015-12-18 16:32:08 -- (12, ['Ne'], 'Ne')
2015-12-18 16:32:08 -- (13, ['Ne'], 'Ne')
2015-12-18 16:32:08 -- (14, ['Ne'], 'Ne')
2015-12-18 16:32:08 -- (15, ['Ne'], 'Ne')
2015-12-18 16:32:08 -- (16, ['Ne'], 'Ne')
2015-12-18 16:32:08 -- (17, ['Ne'], 'Ne')
2015-12-18 16:32:08 -- (18, ['Ne'], 'Ne')
2015-12-18 16:32:08 -- (19, ['Ne'], 'Ne')
2015-12-18 16:32:09 -- (0, ['WOinc'], 'Ne')
2015-12-18 16:32:09 -- (1, ['Ne'], 'Ne')
2015-12-18 16:32:09 -- (2, ['Ne'], 'Ne')
2015-12-18 16:32:09 -- (3, ['Ne'], 'Ne')
2015-12-18 16:32:09 -- (4, ['Ne'], 'Ne')
2015-12-18 16:32:09 -- (5, ['Ne'], 'Ne')
2015-12-18 16:32:09 -- (6, ['Ne'], 'Ne')
2015-12-18 16:32:09 -- (7, ['Ne'], 'Ne')
2015-12-18 16:32:09 -- (8, ['Ne'], 'Ne')
2015-12-18 16:32:09 -- (9, ['Ne'], 'Ne')
2015-12-18 16:32:09 -- (10, ['Ne'], 'Ne')
2015-12-18 16:32:09 -- ('SSE random weights, only Ne-tags', 2.0)
2015-12-18 16:32:10 -- (0, ['WOinc'], 'Ne')
2015-12-18 16:32:10 -- (1, ['Ne'], 'Ne')
2015-12-18 16:32:10 -- (2, ['Ne'], 'Ne')
2015-12-18 16:32:10 -- (3, ['Ne'], 'Ne')
2015-12-18 16:32:10 -- (4, ['Ne'], 'Ne')
2015-12-18 16:32:10 -- (5, ['Ne'], 'Ne')
2015-12-18 16:32:10 -- (6, ['Ne'], 'Ne')
2015-12-18 16:32:10 -- (7, ['Ne'], 'Ne')
2015-12-18 16:32:10 -- (8, ['Ne'], 'Ne')
2015-12-18 16:32:10 -- (9, ['Ne'], 'Ne')
2015-12-18 16:32:10 -- (10, ['Ne'], 'Ne')
2015-12-18 16:32:10 -- (11, ['Ne'], 'Ne')
2015-12-18 16:32:10 -- (12, ['Ne'], 'Ne')
2015-12-18 16:32:10 -- (13, ['Ne'], 'Ne')
2015-12-18 16:32:10 -- (14, ['Ne'], 'Ne')
2015-12-18 16:32:10 -- (15, ['Ne'], 'Ne')
2015-12-18 16:32:10 -- (16, ['Ne'], 'Ne')
2015-12-18 16:32:10 -- (17, ['Ne'], 'Ne')
2015-12-18 16:32:10 -- (18, ['Ne'], 'Ne')
2015-12-18 16:32:10 -- (19, ['Ne'], 'Ne')
2015-12-18 16:32:11 -- (0, ['WOinc'], 'Ne')
2015-12-18 16:32:11 -- (1, ['Ne'], 'Ne')
2015-12-18 16:32:11 -- (2, ['Ne'], 'Ne')
2015-12-18 16:32:11 -- (3, ['Ne'], 'Wci')
2015-12-18 16:32:11 -- (4, ['Ne'], 'SVA')
2015-12-18 16:32:11 -- (5, ['Ne'], 'Ne')
2015-12-18 16:32:11 -- (6, ['Ne'], 'Ne')
2015-12-18 16:32:11 -- (7, ['Ne'], 'Ne')
2015-12-18 16:32:11 -- (8, ['Ne'], 'Ne')
2015-12-18 16:32:11 -- (9, ['Ne'], 'Ne')
2015-12-18 16:32:11 -- (10, ['Ne'], 'Ne')
2015-12-18 16:32:11 -- ('SSE random weights', 4.0)
2015-12-18 16:32:17 -- (0, ['ArtOrDet'], 'Ne')
2015-12-18 16:32:17 -- (1, ['Ne'], 'Ne')
2015-12-18 16:32:17 -- (2, ['Ne'], 'Ne')
2015-12-18 16:32:17 -- (3, ['Ne'], 'Ne')
2015-12-18 16:32:17 -- (4, ['Ne'], 'Ne')
2015-12-18 16:32:17 -- (5, ['Ne'], 'Ne')
2015-12-18 16:32:17 -- (6, ['Ne'], 'Ne')
2015-12-18 16:32:17 -- (7, ['Ne'], 'Ne')
2015-12-18 16:32:17 -- (8, ['Ne'], 'Ne')
2015-12-18 16:32:17 -- (9, ['Ne'], 'Ne')
2015-12-18 16:32:17 -- (10, ['Ne'], 'Ne')
2015-12-18 16:32:17 -- (11, ['Ne'], 'Ne')
2015-12-18 16:32:17 -- (12, ['Ne'], 'Ne')
2015-12-18 16:32:17 -- (13, ['Ne'], 'Ne')
2015-12-18 16:32:17 -- (14, ['Ne'], 'Ne')
2015-12-18 16:32:17 -- (15, ['Ne'], 'Ne')
2015-12-18 16:32:17 -- (16, ['Ne'], 'Ne')
2015-12-18 16:32:17 -- (17, ['Ne'], 'Ne')
2015-12-18 16:32:17 -- (18, ['Ne'], 'Ne')
2015-12-18 16:32:17 -- (19, ['Ne'], 'Ne')
2015-12-18 16:32:18 -- (0, ['ArtOrDet'], 'Ne')
2015-12-18 16:32:18 -- (1, ['Ne'], 'Ne')
2015-12-18 16:32:18 -- (2, ['Ne'], 'Ne')
2015-12-18 16:32:18 -- (3, ['Ne'], 'Ne')
2015-12-18 16:32:18 -- (4, ['Ne'], 'Ne')
2015-12-18 16:32:18 -- (5, ['Ne'], 'Ne')
2015-12-18 16:32:18 -- (6, ['Ne'], 'Ne')
2015-12-18 16:32:18 -- (7, ['Ne'], 'Ne')
2015-12-18 16:32:18 -- (8, ['Ne'], 'Ne')
2015-12-18 16:32:18 -- (9, ['Ne'], 'Ne')
2015-12-18 16:32:18 -- (10, ['Ne'], 'Ne')
2015-12-18 16:32:18 -- ('after 3 sentences, only Ne-tags', 2.0)
2015-12-18 16:32:20 -- (0, ['ArtOrDet'], 'Ne')
2015-12-18 16:32:20 -- (1, ['Ne'], 'Ne')
2015-12-18 16:32:20 -- (2, ['Ne'], 'Ne')
2015-12-18 16:32:20 -- (3, ['Ne'], 'Ne')
2015-12-18 16:32:20 -- (4, ['Ne'], 'Ne')
2015-12-18 16:32:20 -- (5, ['Ne'], 'Ne')
2015-12-18 16:32:20 -- (6, ['Ne'], 'Ne')
2015-12-18 16:32:20 -- (7, ['Ne'], 'Ne')
2015-12-18 16:32:20 -- (8, ['Ne'], 'Ne')
2015-12-18 16:32:20 -- (9, ['Ne'], 'Ne')
2015-12-18 16:32:20 -- (10, ['Ne'], 'Ne')
2015-12-18 16:32:20 -- (11, ['Ne'], 'Ne')
2015-12-18 16:32:20 -- (12, ['Ne'], 'Ne')
2015-12-18 16:32:20 -- (13, ['Ne'], 'Ne')
2015-12-18 16:32:20 -- (14, ['Ne'], 'Ne')
2015-12-18 16:32:20 -- (15, ['Ne'], 'Ne')
2015-12-18 16:32:20 -- (16, ['Ne'], 'Ne')
2015-12-18 16:32:20 -- (17, ['Ne'], 'Ne')
2015-12-18 16:32:20 -- (18, ['Ne'], 'Ne')
2015-12-18 16:32:20 -- (19, ['Ne'], 'Ne')
2015-12-18 16:32:21 -- (0, ['ArtOrDet'], 'Ne')
2015-12-18 16:32:21 -- (1, ['Ne'], 'Ne')
2015-12-18 16:32:21 -- (2, ['Ne'], 'Ne')
2015-12-18 16:32:21 -- (3, ['Ne'], 'Wci')
2015-12-18 16:32:21 -- (4, ['Ne'], 'SVA')
2015-12-18 16:32:21 -- (5, ['Ne'], 'Ne')
2015-12-18 16:32:21 -- (6, ['Ne'], 'Ne')
2015-12-18 16:32:21 -- (7, ['Ne'], 'Ne')
2015-12-18 16:32:21 -- (8, ['Ne'], 'Ne')
2015-12-18 16:32:21 -- (9, ['Ne'], 'Ne')
2015-12-18 16:32:21 -- (10, ['Ne'], 'Ne')
2015-12-18 16:32:21 -- ('after 3 sentences', 4.0)
2015-12-18 16:32:21 -- total 9.746038 sec (loading: 0.000020, 0.181147; training: 4.887822
2015-12-19 18:39:57 -- (0, ['WOinc'], 'Ne')
2015-12-19 18:39:57 -- (1, ['Ne'], 'Ne')
2015-12-19 18:39:57 -- (2, ['Ne'], 'Ne')
2015-12-19 18:39:57 -- (3, ['Ne'], 'Ne')
2015-12-19 18:39:57 -- (4, ['Ne'], 'Ne')
2015-12-19 18:39:57 -- (5, ['Ne'], 'Ne')
2015-12-19 18:39:57 -- (6, ['Ne'], 'Ne')
2015-12-19 18:39:57 -- (7, ['Ne'], 'Ne')
2015-12-19 18:39:57 -- (8, ['Ne'], 'Ne')
2015-12-19 18:39:57 -- (9, ['Ne'], 'Ne')
2015-12-19 18:39:57 -- (10, ['Ne'], 'Ne')
2015-12-19 18:39:57 -- (11, ['Ne'], 'Ne')
2015-12-19 18:39:57 -- (12, ['Ne'], 'Ne')
2015-12-19 18:39:57 -- (13, ['Ne'], 'Ne')
2015-12-19 18:39:57 -- (14, ['Ne'], 'Ne')
2015-12-19 18:39:57 -- (15, ['Ne'], 'Ne')
2015-12-19 18:39:57 -- (16, ['Ne'], 'Ne')
2015-12-19 18:39:57 -- (17, ['Ne'], 'Ne')
2015-12-19 18:39:57 -- (18, ['Ne'], 'Ne')
2015-12-19 18:39:57 -- (19, ['Ne'], 'Ne')
2015-12-19 18:39:58 -- (0, ['WOinc'], 'Ne')
2015-12-19 18:39:58 -- (1, ['Ne'], 'Ne')
2015-12-19 18:39:58 -- (2, ['Ne'], 'Ne')
2015-12-19 18:39:58 -- (3, ['Ne'], 'Ne')
2015-12-19 18:39:58 -- (4, ['Ne'], 'Ne')
2015-12-19 18:39:58 -- (5, ['Ne'], 'Ne')
2015-12-19 18:39:58 -- (6, ['Ne'], 'Ne')
2015-12-19 18:39:58 -- (7, ['Ne'], 'Ne')
2015-12-19 18:39:58 -- (8, ['Ne'], 'Ne')
2015-12-19 18:39:58 -- (9, ['Ne'], 'Ne')
2015-12-19 18:39:58 -- (10, ['Ne'], 'Ne')
2015-12-19 18:39:58 -- ('SSE random weights, only Ne-tags', 2.0)
2015-12-19 18:39:59 -- (0, ['WOinc'], 'Ne')
2015-12-19 18:39:59 -- (1, ['Ne'], 'Ne')
2015-12-19 18:39:59 -- (2, ['Ne'], 'Ne')
2015-12-19 18:39:59 -- (3, ['Ne'], 'Ne')
2015-12-19 18:39:59 -- (4, ['Ne'], 'Ne')
2015-12-19 18:39:59 -- (5, ['Ne'], 'Ne')
2015-12-19 18:39:59 -- (6, ['Ne'], 'Ne')
2015-12-19 18:39:59 -- (7, ['Ne'], 'Ne')
2015-12-19 18:39:59 -- (8, ['Ne'], 'Ne')
2015-12-19 18:39:59 -- (9, ['Ne'], 'Ne')
2015-12-19 18:39:59 -- (10, ['Ne'], 'Ne')
2015-12-19 18:39:59 -- (11, ['Ne'], 'Ne')
2015-12-19 18:39:59 -- (12, ['Ne'], 'Ne')
2015-12-19 18:39:59 -- (13, ['Ne'], 'Ne')
2015-12-19 18:39:59 -- (14, ['Ne'], 'Ne')
2015-12-19 18:39:59 -- (15, ['Ne'], 'Ne')
2015-12-19 18:39:59 -- (16, ['Ne'], 'Ne')
2015-12-19 18:39:59 -- (17, ['Ne'], 'Ne')
2015-12-19 18:39:59 -- (18, ['Ne'], 'Ne')
2015-12-19 18:39:59 -- (19, ['Ne'], 'Ne')
2015-12-19 18:40:00 -- (0, ['WOinc'], 'Ne')
2015-12-19 18:40:00 -- (1, ['Ne'], 'Ne')
2015-12-19 18:40:00 -- (2, ['Ne'], 'Ne')
2015-12-19 18:40:00 -- (3, ['Ne'], 'Wci')
2015-12-19 18:40:00 -- (4, ['Ne'], 'SVA')
2015-12-19 18:40:00 -- (5, ['Ne'], 'Ne')
2015-12-19 18:40:00 -- (6, ['Ne'], 'Ne')
2015-12-19 18:40:00 -- (7, ['Ne'], 'Ne')
2015-12-19 18:40:00 -- (8, ['Ne'], 'Ne')
2015-12-19 18:40:00 -- (9, ['Ne'], 'Ne')
2015-12-19 18:40:00 -- (10, ['Ne'], 'Ne')
2015-12-19 18:40:00 -- ('SSE random weights', 4.0)
2015-12-19 18:40:07 -- (0, ['ArtOrDet'], 'Ne')
2015-12-19 18:40:07 -- (1, ['Ne'], 'Ne')
2015-12-19 18:40:07 -- (2, ['Ne'], 'Ne')
2015-12-19 18:40:07 -- (3, ['Ne'], 'Ne')
2015-12-19 18:40:07 -- (4, ['Ne'], 'Ne')
2015-12-19 18:40:07 -- (5, ['Ne'], 'Ne')
2015-12-19 18:40:07 -- (6, ['Ne'], 'Ne')
2015-12-19 18:40:07 -- (7, ['Ne'], 'Ne')
2015-12-19 18:40:07 -- (8, ['Ne'], 'Ne')
2015-12-19 18:40:07 -- (9, ['Ne'], 'Ne')
2015-12-19 18:40:07 -- (10, ['Ne'], 'Ne')
2015-12-19 18:40:07 -- (11, ['Ne'], 'Ne')
2015-12-19 18:40:07 -- (12, ['Ne'], 'Ne')
2015-12-19 18:40:07 -- (13, ['Ne'], 'Ne')
2015-12-19 18:40:07 -- (14, ['Ne'], 'Ne')
2015-12-19 18:40:07 -- (15, ['Ne'], 'Ne')
2015-12-19 18:40:07 -- (16, ['Ne'], 'Ne')
2015-12-19 18:40:07 -- (17, ['Ne'], 'Ne')
2015-12-19 18:40:07 -- (18, ['Ne'], 'Ne')
2015-12-19 18:40:07 -- (19, ['Ne'], 'Ne')
2015-12-19 18:40:08 -- (0, ['ArtOrDet'], 'Ne')
2015-12-19 18:40:08 -- (1, ['Ne'], 'Ne')
2015-12-19 18:40:08 -- (2, ['Ne'], 'Ne')
2015-12-19 18:40:08 -- (3, ['Ne'], 'Ne')
2015-12-19 18:40:08 -- (4, ['Ne'], 'Ne')
2015-12-19 18:40:08 -- (5, ['Ne'], 'Ne')
2015-12-19 18:40:08 -- (6, ['Ne'], 'Ne')
2015-12-19 18:40:08 -- (7, ['Ne'], 'Ne')
2015-12-19 18:40:08 -- (8, ['Ne'], 'Ne')
2015-12-19 18:40:08 -- (9, ['Ne'], 'Ne')
2015-12-19 18:40:08 -- (10, ['Ne'], 'Ne')
2015-12-19 18:40:08 -- ('after 3 sentences, only Ne-tags', 2.0)
2015-12-19 18:40:09 -- (0, ['ArtOrDet'], 'Ne')
2015-12-19 18:40:09 -- (1, ['Ne'], 'Ne')
2015-12-19 18:40:09 -- (2, ['Ne'], 'Ne')
2015-12-19 18:40:09 -- (3, ['Ne'], 'Ne')
2015-12-19 18:40:09 -- (4, ['Ne'], 'Ne')
2015-12-19 18:40:09 -- (5, ['Ne'], 'Ne')
2015-12-19 18:40:09 -- (6, ['Ne'], 'Ne')
2015-12-19 18:40:09 -- (7, ['Ne'], 'Ne')
2015-12-19 18:40:09 -- (8, ['Ne'], 'Ne')
2015-12-19 18:40:09 -- (9, ['Ne'], 'Ne')
2015-12-19 18:40:09 -- (10, ['Ne'], 'Ne')
2015-12-19 18:40:09 -- (11, ['Ne'], 'Ne')
2015-12-19 18:40:09 -- (12, ['Ne'], 'Ne')
2015-12-19 18:40:09 -- (13, ['Ne'], 'Ne')
2015-12-19 18:40:09 -- (14, ['Ne'], 'Ne')
2015-12-19 18:40:09 -- (15, ['Ne'], 'Ne')
2015-12-19 18:40:09 -- (16, ['Ne'], 'Ne')
2015-12-19 18:40:09 -- (17, ['Ne'], 'Ne')
2015-12-19 18:40:09 -- (18, ['Ne'], 'Ne')
2015-12-19 18:40:09 -- (19, ['Ne'], 'Ne')
2015-12-19 18:40:10 -- (0, ['ArtOrDet'], 'Ne')
2015-12-19 18:40:10 -- (1, ['Ne'], 'Ne')
2015-12-19 18:40:10 -- (2, ['Ne'], 'Ne')
2015-12-19 18:40:10 -- (3, ['Ne'], 'Wci')
2015-12-19 18:40:10 -- (4, ['Ne'], 'SVA')
2015-12-19 18:40:10 -- (5, ['Ne'], 'Ne')
2015-12-19 18:40:10 -- (6, ['Ne'], 'Ne')
2015-12-19 18:40:10 -- (7, ['Ne'], 'Ne')
2015-12-19 18:40:10 -- (8, ['Ne'], 'Ne')
2015-12-19 18:40:10 -- (9, ['Ne'], 'Ne')
2015-12-19 18:40:10 -- (10, ['Ne'], 'Ne')
2015-12-19 18:40:10 -- ('after 3 sentences', 4.0)
2015-12-19 18:40:10 -- total 77.707734 sec (loading: 0.000014, 67.621425; training: 5.009476
